<?xml version="1.0" encoding="UTF-8"?>
<!-- Generated by org.testng.reporters.JUnitXMLReporter -->
<testsuite hostname="DESKTOP-PMUGC8D" ignored="0" name="Default test" tests="17" failures="0" timestamp="2021-12-01T20:06:01 IST" time="28.258" errors="0">
  <testcase name="testWithEmptyCountryCode" time="3.962" classname="eu.restcountries.CountrySearchTest"/>
  <testcase name="testWithEmptyCountryName" time="1.384" classname="eu.restcountries.CountrySearchTest"/>
  <testcase name="testWithInValidCountryCode" time="1.533" classname="eu.restcountries.CountrySearchTest"/>
  <testcase name="testWithInValidCountryName" time="1.355" classname="eu.restcountries.CountrySearchTest"/>
  <testcase name="testWithInValidDataTypeCountryCode" time="1.356" classname="eu.restcountries.CountrySearchTest"/>
  <testcase name="testWithInValidDataTypeCountryName" time="1.383" classname="eu.restcountries.CountrySearchTest"/>
  <testcase name="testWithSQLInjectionCountryCode" time="1.409" classname="eu.restcountries.CountrySearchTest"/>
  <testcase name="testWithSQLInjectionCountryName" time="1.692" classname="eu.restcountries.CountrySearchTest"/>
  <testcase name="testWithSpecialCharactersCountryCode" time="1.355" classname="eu.restcountries.CountrySearchTest"/>
  <testcase name="testWithSpecialCharactersCountryName" time="1.518" classname="eu.restcountries.CountrySearchTest"/>
  <testcase name="testWithValidAlpha2CountryCode" time="1.635" classname="eu.restcountries.CountrySearchTest"/>
  <testcase name="testWithValidCountryName" time="1.895" classname="eu.restcountries.CountrySearchTest"/>
  <testcase name="testWithValidPartialCountryCode" time="1.393" classname="eu.restcountries.CountrySearchTest"/>
  <testcase name="testWithValidPartialCountryName" time="1.573" classname="eu.restcountries.CountrySearchTest"/>
  <testcase name="testWithValidSmallCaseCharactersCountryCode" time="1.357" classname="eu.restcountries.CountrySearchTest"/>
  <testcase name="testWithValidSmallCaseCharactersCountryName" time="1.396" classname="eu.restcountries.CountrySearchTest"/>
  <testcase name="testWithoutSpacesInCountryName" time="1.964" classname="eu.restcountries.CountrySearchTest"/>
</testsuite> <!-- Default test -->
